[01m[K/home/jingyan/px4_ros_com_ros2/src/px4_ros_com/src/examples/offboard/Odom_transform.cpp:[m[K In member function â€˜[01m[Kvoid Px4OdomTransform::odom_convert(px4_msgs::msg::VehicleOdometry_<std::allocator<void> >::SharedPtr)[m[Kâ€™:
[01m[K/home/jingyan/px4_ros_com_ros2/src/px4_ros_com/src/examples/offboard/Odom_transform.cpp:76:24:[m[K [01;31m[Kerror: [m[Kexpected initializer before â€˜[01m[Kq_final[m[Kâ€™
   76 |  tf2::Quaternion q_ori [01;31m[Kq_final[m[K;
      |                        [01;31m[K^~~~~~~[m[K
[01m[K/home/jingyan/px4_ros_com_ros2/src/px4_ros_com/src/examples/offboard/Odom_transform.cpp:77:2:[m[K [01;31m[Kerror: [m[Kâ€˜[01m[Kq_ori[m[Kâ€™ was not declared in this scope
   77 |  [01;31m[Kq_ori[m[K.setRPY(-1.571, 0.0, 0.0);
      |  [01;31m[K^~~~~[m[K
[01m[K/home/jingyan/px4_ros_com_ros2/src/px4_ros_com/src/examples/offboard/Odom_transform.cpp:84:2:[m[K [01;31m[Kerror: [m[Kâ€˜[01m[Kq_final[m[Kâ€™ was not declared in this scope
   84 |  [01;31m[Kq_final[m[K = q_tmp * q_ori;
      |  [01;31m[K^~~~~~~[m[K
make[2]: *** [CMakeFiles/Odom_transform.dir/build.make:63: CMakeFiles/Odom_transform.dir/src/examples/offboard/Odom_transform.cpp.o] Error 1
make[1]: *** [CMakeFiles/Makefile2:306: CMakeFiles/Odom_transform.dir/all] Error 2
make: *** [Makefile:141: all] Error 2
