[0.021s] Invoking command in '/home/jingyan/px4_ros_com_ros2/build/px4_ros_com': AMENT_PREFIX_PATH=/home/jingyan/px4_ros_com_ros2/install/px4_msgs:${AMENT_PREFIX_PATH} CMAKE_PREFIX_PATH=/home/jingyan/px4_ros_com_ros2/install/px4_msgs:/opt/ros/foxy LD_LIBRARY_PATH=/home/jingyan/px4_ros_com_ros2/install/px4_msgs/lib:${LD_LIBRARY_PATH} PYTHONPATH=/home/jingyan/px4_ros_com_ros2/install/px4_msgs/lib/python3.8/site-packages:${PYTHONPATH} /usr/bin/cmake --build /home/jingyan/px4_ros_com_ros2/build/px4_ros_com -- -j16 -l16
[0.080s] [35m[1mScanning dependencies of target Odom_transform[0m
[0.099s] [  2%] Built target vehicle_gps_position_listener
[0.101s] [  4%] Built target sensor_combined_listener
[0.103s] [  6%] Built target offboard_control
[0.103s] [  8%] Built target frame_transforms
[0.105s] [ 10%] Built target debug_vect_advertiser
[0.113s] [ 10%] [32mBuilding CXX object CMakeFiles/Odom_transform.dir/src/examples/offboard/Odom_transform.cpp.o[0m
[0.147s] [ 99%] Built target micrortps_agent
[1.432s] [01m[K/home/jingyan/px4_ros_com_ros2/src/px4_ros_com/src/examples/offboard/Odom_transform.cpp:[m[K In member function â€˜[01m[Kvoid Px4OdomTransform::odom_convert(px4_msgs::msg::VehicleOdometry_<std::allocator<void> >::SharedPtr)[m[Kâ€™:
[1.432s] [01m[K/home/jingyan/px4_ros_com_ros2/src/px4_ros_com/src/examples/offboard/Odom_transform.cpp:76:24:[m[K [01;31m[Kerror: [m[Kexpected initializer before â€˜[01m[Kq_final[m[Kâ€™
[1.432s]    76 |  tf2::Quaternion q_ori [01;31m[Kq_final[m[K;
[1.432s]       |                        [01;31m[K^~~~~~~[m[K
[1.433s] [01m[K/home/jingyan/px4_ros_com_ros2/src/px4_ros_com/src/examples/offboard/Odom_transform.cpp:77:2:[m[K [01;31m[Kerror: [m[Kâ€˜[01m[Kq_ori[m[Kâ€™ was not declared in this scope
[1.433s]    77 |  [01;31m[Kq_ori[m[K.setRPY(-1.571, 0.0, 0.0);
[1.433s]       |  [01;31m[K^~~~~[m[K
[1.435s] [01m[K/home/jingyan/px4_ros_com_ros2/src/px4_ros_com/src/examples/offboard/Odom_transform.cpp:84:2:[m[K [01;31m[Kerror: [m[Kâ€˜[01m[Kq_final[m[Kâ€™ was not declared in this scope
[1.435s]    84 |  [01;31m[Kq_final[m[K = q_tmp * q_ori;
[1.435s]       |  [01;31m[K^~~~~~~[m[K
[2.858s] make[2]: *** [CMakeFiles/Odom_transform.dir/build.make:63: CMakeFiles/Odom_transform.dir/src/examples/offboard/Odom_transform.cpp.o] Error 1
[2.858s] make[1]: *** [CMakeFiles/Makefile2:306: CMakeFiles/Odom_transform.dir/all] Error 2
[2.858s] make: *** [Makefile:141: all] Error 2
[2.862s] Invoked command in '/home/jingyan/px4_ros_com_ros2/build/px4_ros_com' returned '2': AMENT_PREFIX_PATH=/home/jingyan/px4_ros_com_ros2/install/px4_msgs:${AMENT_PREFIX_PATH} CMAKE_PREFIX_PATH=/home/jingyan/px4_ros_com_ros2/install/px4_msgs:/opt/ros/foxy LD_LIBRARY_PATH=/home/jingyan/px4_ros_com_ros2/install/px4_msgs/lib:${LD_LIBRARY_PATH} PYTHONPATH=/home/jingyan/px4_ros_com_ros2/install/px4_msgs/lib/python3.8/site-packages:${PYTHONPATH} /usr/bin/cmake --build /home/jingyan/px4_ros_com_ros2/build/px4_ros_com -- -j16 -l16
