[0.018s] Invoking command in '/home/jingyan/px4_ros_com_ros2/build/px4_ros_com': AMENT_PREFIX_PATH=/home/jingyan/px4_ros_com_ros2/install/px4_msgs:${AMENT_PREFIX_PATH} CMAKE_PREFIX_PATH=/home/jingyan/px4_ros_com_ros2/install/px4_msgs:/opt/ros/foxy LD_LIBRARY_PATH=/home/jingyan/px4_ros_com_ros2/install/px4_msgs/lib:${LD_LIBRARY_PATH} PYTHONPATH=/home/jingyan/px4_ros_com_ros2/install/px4_msgs/lib/python3.8/site-packages:${PYTHONPATH} /usr/bin/cmake --build /home/jingyan/px4_ros_com_ros2/build/px4_ros_com -- -j16 -l16
[0.080s] [35m[1mScanning dependencies of target offboard_control[0m
[0.096s] [  2%] Built target vehicle_gps_position_listener
[0.099s] [  6%] Built target sensor_combined_listener
[0.099s] [  6%] Built target frame_transforms
[0.099s] [  8%] Built target offboard_control_vel
[0.101s] [ 10%] Built target debug_vect_advertiser
[0.107s] [ 11%] Built target Odom_transform
[0.113s] [ 12%] [32mBuilding CXX object CMakeFiles/offboard_control.dir/src/examples/offboard/offboard_control.cpp.o[0m
[0.137s] [ 99%] Built target micrortps_agent
[1.459s] [01m[K/home/jingyan/px4_ros_com_ros2/src/px4_ros_com/src/examples/offboard/offboard_control.cpp:147:38:[m[K [01;31m[Kerror: [m[Kâ€˜[01m[KVehicleOdometry[m[Kâ€™ is not a member of â€˜[01m[Kpx4_msgs::msg[m[Kâ€™
[1.460s]   147 |  rclcpp::Subscription<px4_msgs::msg::[01;31m[KVehicleOdometry[m[K>::SharedPtr odom_subscription_;
[1.460s]       |                                      [01;31m[K^~~~~~~~~~~~~~~[m[K
[1.460s] [01m[K/home/jingyan/px4_ros_com_ros2/src/px4_ros_com/src/examples/offboard/offboard_control.cpp:147:53:[m[K [01;31m[Kerror: [m[Ktemplate argument 1 is invalid
[1.460s]   147 |  rclcpp::Subscription<px4_msgs::msg::VehicleOdometry[01;31m[K>[m[K::SharedPtr odom_subscription_;
[1.460s]       |                                                     [01;31m[K^[m[K
[1.461s] [01m[K/home/jingyan/px4_ros_com_ros2/src/px4_ros_com/src/examples/offboard/offboard_control.cpp:147:53:[m[K [01;31m[Kerror: [m[Ktemplate argument 3 is invalid
[1.461s] [01m[K/home/jingyan/px4_ros_com_ros2/src/px4_ros_com/src/examples/offboard/offboard_control.cpp:147:56:[m[K [01;31m[Kerror: [m[Kexpected â€˜[01m[K;[m[Kâ€™ at end of member declaration
[1.461s]   147 |  rclcpp::Subscription<px4_msgs::msg::VehicleOdometry>::[01;31m[KSharedPtr[m[K odom_subscription_;
[1.461s]       |                                                        [01;31m[K^~~~~~~~~[m[K
[1.461s]       |                                                                 [32m[K;[m[K
[1.462s] [01m[K/home/jingyan/px4_ros_com_ros2/src/px4_ros_com/src/examples/offboard/offboard_control.cpp:147:66:[m[K [01;31m[Kerror: [m[Kâ€˜[01m[Kodom_subscription_[m[Kâ€™ does not name a type; did you mean â€˜[01m[Krcl_subscription_t[m[Kâ€™?
[1.462s]   147 |  rclcpp::Subscription<px4_msgs::msg::VehicleOdometry>::SharedPtr [01;31m[Kodom_subscription_[m[K;
[1.462s]       |                                                                  [01;31m[K^~~~~~~~~~~~~~~~~~[m[K
[1.462s]       |                                                                  [32m[Krcl_subscription_t[m[K
[1.462s] [01m[K/home/jingyan/px4_ros_com_ros2/src/px4_ros_com/src/examples/offboard/offboard_control.cpp:162:41:[m[K [01;31m[Kerror: [m[Kâ€˜[01m[KVehicleOdometry[m[Kâ€™ in namespace â€˜[01m[Kpx4_msgs::msg[m[Kâ€™ does not name a type
[1.462s]   162 |  void odom_convert(const px4_msgs::msg::[01;31m[KVehicleOdometry[m[K::SharedPtr _msg);
[1.463s]       |                                         [01;31m[K^~~~~~~~~~~~~~~[m[K
[1.463s] [01m[K/home/jingyan/px4_ros_com_ros2/src/px4_ros_com/src/examples/offboard/offboard_control.cpp:162:68:[m[K [01;31m[Kerror: [m[Kexpected unqualified-id before â€˜[01m[K_msg[m[Kâ€™
[1.463s]   162 |  void odom_convert(const px4_msgs::msg::VehicleOdometry::SharedPtr [01;31m[K_msg[m[K);
[1.463s]       |                                                                    [01;31m[K^~~~[m[K
[1.463s] [01m[K/home/jingyan/px4_ros_com_ros2/src/px4_ros_com/src/examples/offboard/offboard_control.cpp:162:67:[m[K [01;31m[Kerror: [m[Kexpected â€˜[01m[K)[m[Kâ€™ before â€˜[01m[K_msg[m[Kâ€™
[1.463s]   162 |  void odom_convert[34m[K([m[Kconst px4_msgs::msg::VehicleOdometry::SharedPtr[01;31m[K [m[K[32m[K_msg[m[K);
[1.463s]       |                   [34m[K~[m[K                                               [01;31m[K^[m[K[32m[K~~~~[m[K
[1.463s]       |                                                                   [32m[K)[m[K
[1.464s] [01m[K/home/jingyan/px4_ros_com_ros2/src/px4_ros_com/src/examples/offboard/offboard_control.cpp:162:58:[m[K [01;31m[Kerror: [m[Kexpected â€˜[01m[K;[m[Kâ€™ at end of member declaration
[1.464s]   162 |  void odom_convert(const px4_msgs::msg::VehicleOdometry::[01;31m[KSharedPtr[m[K _msg);
[1.464s]       |                                                          [01;31m[K^~~~~~~~~[m[K
[1.464s]       |                                                                   [32m[K;[m[K
[1.464s] [01m[K/home/jingyan/px4_ros_com_ros2/src/px4_ros_com/src/examples/offboard/offboard_control.cpp:162:68:[m[K [01;31m[Kerror: [m[Kâ€˜[01m[K_msg[m[Kâ€™ does not name a type
[1.464s]   162 |  void odom_convert(const px4_msgs::msg::VehicleOdometry::SharedPtr [01;31m[K_msg[m[K);
[1.464s]       |                                                                    [01;31m[K^~~~[m[K
[1.485s] [01m[K/home/jingyan/px4_ros_com_ros2/src/px4_ros_com/src/examples/offboard/offboard_control.cpp:[m[K In constructor â€˜[01m[KOffboardControl::OffboardControl()[m[Kâ€™:
[1.486s] [01m[K/home/jingyan/px4_ros_com_ros2/src/px4_ros_com/src/examples/offboard/offboard_control.cpp:134:3:[m[K [01;31m[Kerror: [m[Kâ€˜[01m[Kodom_subscription_[m[Kâ€™ was not declared in this scope; did you mean â€˜[01m[Ksubscription_[m[Kâ€™?
[1.486s]   134 |   [01;31m[Kodom_subscription_[m[K = this->create_subscription<px4_msgs::msg::VehicleOdometry>(
[1.486s]       |   [01;31m[K^~~~~~~~~~~~~~~~~~[m[K
[1.486s]       |   [32m[Ksubscription_[m[K
[1.486s] [01m[K/home/jingyan/px4_ros_com_ros2/src/px4_ros_com/src/examples/offboard/offboard_control.cpp:134:65:[m[K [01;31m[Kerror: [m[Kâ€˜[01m[KVehicleOdometry[m[Kâ€™ is not a member of â€˜[01m[Kpx4_msgs::msg[m[Kâ€™
[1.486s]   134 |   odom_subscription_ = this->create_subscription<px4_msgs::msg::[01;31m[KVehicleOdometry[m[K>(
[1.486s]       |                                                                 [01;31m[K^~~~~~~~~~~~~~~[m[K
[1.487s] [01m[K/home/jingyan/px4_ros_com_ros2/src/px4_ros_com/src/examples/offboard/offboard_control.cpp:136:15:[m[K [01;31m[Kerror: [m[Kâ€˜[01m[KPx4OdomTransform[m[Kâ€™ has not been declared
[1.487s]   136 |    std::bind(&[01;31m[KPx4OdomTransform[m[K::odom_convert, this, std::placeholders::_1));
[1.487s]       |               [01;31m[K^~~~~~~~~~~~~~~~[m[K
[1.652s] [01m[K/home/jingyan/px4_ros_com_ros2/src/px4_ros_com/src/examples/offboard/offboard_control.cpp:[m[K At global scope:
[1.652s] [01m[K/home/jingyan/px4_ros_com_ros2/src/px4_ros_com/src/examples/offboard/offboard_control.cpp:209:6:[m[K [01;31m[Kerror: [m[Kâ€˜[01m[KPx4OdomTransform[m[Kâ€™ has not been declared
[1.652s]   209 | void [01;31m[KPx4OdomTransform[m[K::odom_convert(const px4_msgs::msg::VehicleOdometry::SharedPtr _msg)
[1.652s]       |      [01;31m[K^~~~~~~~~~~~~~~~[m[K
[1.652s] [01m[K/home/jingyan/px4_ros_com_ros2/src/px4_ros_com/src/examples/offboard/offboard_control.cpp:209:58:[m[K [01;31m[Kerror: [m[Kâ€˜[01m[KVehicleOdometry[m[Kâ€™ in namespace â€˜[01m[Kpx4_msgs::msg[m[Kâ€™ does not name a type
[1.652s]   209 | void Px4OdomTransform::odom_convert(const px4_msgs::msg::[01;31m[KVehicleOdometry[m[K::SharedPtr _msg)
[1.653s]       |                                                          [01;31m[K^~~~~~~~~~~~~~~[m[K
[1.653s] [01m[K/home/jingyan/px4_ros_com_ros2/src/px4_ros_com/src/examples/offboard/offboard_control.cpp:209:85:[m[K [01;31m[Kerror: [m[Kexpected unqualified-id before â€˜[01m[K_msg[m[Kâ€™
[1.653s]   209 | void Px4OdomTransform::odom_convert(const px4_msgs::msg::VehicleOdometry::SharedPtr [01;31m[K_msg[m[K)
[1.653s]       |                                                                                     [01;31m[K^~~~[m[K
[1.653s] [01m[K/home/jingyan/px4_ros_com_ros2/src/px4_ros_com/src/examples/offboard/offboard_control.cpp:209:84:[m[K [01;31m[Kerror: [m[Kexpected â€˜[01m[K)[m[Kâ€™ before â€˜[01m[K_msg[m[Kâ€™
[1.653s]   209 | void Px4OdomTransform::odom_convert[34m[K([m[Kconst px4_msgs::msg::VehicleOdometry::SharedPtr[01;31m[K [m[K[32m[K_msg[m[K)
[1.654s]       |                                    [34m[K~[m[K                                               [01;31m[K^[m[K[32m[K~~~~[m[K
[1.654s]       |                                                                                    [32m[K)[m[K
[1.654s] [01m[K/home/jingyan/px4_ros_com_ros2/src/px4_ros_com/src/examples/offboard/offboard_control.cpp:209:85:[m[K [01;31m[Kerror: [m[Kexpected initializer before â€˜[01m[K_msg[m[Kâ€™
[1.654s]   209 | void Px4OdomTransform::odom_convert(const px4_msgs::msg::VehicleOdometry::SharedPtr [01;31m[K_msg[m[K)
[1.654s]       |                                                                                     [01;31m[K^~~~[m[K
[3.587s] make[2]: *** [CMakeFiles/offboard_control.dir/build.make:63: CMakeFiles/offboard_control.dir/src/examples/offboard/offboard_control.cpp.o] Error 1
[3.587s] make[1]: *** [CMakeFiles/Makefile2:119: CMakeFiles/offboard_control.dir/all] Error 2
[3.588s] make: *** [Makefile:141: all] Error 2
[3.590s] Invoked command in '/home/jingyan/px4_ros_com_ros2/build/px4_ros_com' returned '2': AMENT_PREFIX_PATH=/home/jingyan/px4_ros_com_ros2/install/px4_msgs:${AMENT_PREFIX_PATH} CMAKE_PREFIX_PATH=/home/jingyan/px4_ros_com_ros2/install/px4_msgs:/opt/ros/foxy LD_LIBRARY_PATH=/home/jingyan/px4_ros_com_ros2/install/px4_msgs/lib:${LD_LIBRARY_PATH} PYTHONPATH=/home/jingyan/px4_ros_com_ros2/install/px4_msgs/lib/python3.8/site-packages:${PYTHONPATH} /usr/bin/cmake --build /home/jingyan/px4_ros_com_ros2/build/px4_ros_com -- -j16 -l16
