[0.017s] Invoking command in '/home/jingyan/px4_ros_com_ros2/build/px4_ros_com': AMENT_PREFIX_PATH=/home/jingyan/px4_ros_com_ros2/install/px4_msgs:${AMENT_PREFIX_PATH} CMAKE_PREFIX_PATH=/home/jingyan/px4_ros_com_ros2/install/px4_msgs:/opt/ros/foxy LD_LIBRARY_PATH=/home/jingyan/px4_ros_com_ros2/install/px4_msgs/lib:${LD_LIBRARY_PATH} PYTHONPATH=/home/jingyan/px4_ros_com_ros2/install/px4_msgs/lib/python3.8/site-packages:${PYTHONPATH} /usr/bin/cmake --build /home/jingyan/px4_ros_com_ros2/build/px4_ros_com -- -j16 -l16
[0.089s] [35m[1mScanning dependencies of target Odom_transform_real[0m
[0.108s] [  2%] Built target frame_transforms
[0.109s] [  6%] Built target vehicle_gps_position_listener
[0.109s] [  6%] Built target sensor_combined_listener
[0.111s] [ 10%] Built target offboard_simple
[0.111s] [ 10%] Built target offboard_control_vel
[0.114s] [ 12%] Built target debug_vect_advertiser
[0.114s] [ 13%] Built target Odom_transform
[0.118s] [ 15%] Built target offboard_control
[0.127s] [ 16%] Built target offboard_control_absolute_version
[0.159s] [ 98%] Built target micrortps_agent
[0.170s] [ 99%] [32mBuilding CXX object CMakeFiles/Odom_transform_real.dir/src/examples/offboard/Odom_transform_real.cpp.o[0m
[1.556s] [01m[K/home/jingyan/px4_ros_com_ros2/src/px4_ros_com/src/examples/offboard/Odom_transform_real.cpp:[m[K In constructor â€˜[01m[KPx4OdomTransform::Px4OdomTransform()[m[Kâ€™:
[1.557s] [01m[K/home/jingyan/px4_ros_com_ros2/src/px4_ros_com/src/examples/offboard/Odom_transform_real.cpp:44:48:[m[K [01;31m[Kerror: [m[Kâ€˜[01m[Kpointcloud2[m[Kâ€™ is not a member of â€˜[01m[Ksensor_msgs::msg[m[Kâ€™; did you mean â€˜[01m[KPointCloud2[m[Kâ€™?
[1.557s]    44 |    this->create_subscription<sensor_msgs::msg::[01;31m[Kpointcloud2[m[K>("/points2", 10,
[1.557s]       |                                                [01;31m[K^~~~~~~~~~~[m[K
[1.557s]       |                                                [32m[KPointCloud2[m[K
[1.558s] [01m[K/home/jingyan/px4_ros_com_ros2/src/px4_ros_com/src/examples/offboard/Odom_transform_real.cpp:48:20:[m[K [01;31m[Kerror: [m[Kno matching function for call to â€˜[01m[KPx4OdomTransform::create_subscription<<expression error> >(const char [9], int, Px4OdomTransform::Px4OdomTransform()::<lambda(sensor_msgs::msg::LaserScan_<std::allocator<void> >::SharedPtr)>)[m[Kâ€™
[1.559s]    48 |                   }[01;31m[K)[m[K;
[1.559s]       |                    [01;31m[K^[m[K
[1.559s] In file included from [01m[K/opt/ros/foxy/include/rclcpp/node.hpp:1224[m[K,
[1.559s]                  from [01m[K/opt/ros/foxy/include/rclcpp/executors/single_threaded_executor.hpp:28[m[K,
[1.559s]                  from [01m[K/opt/ros/foxy/include/rclcpp/executors.hpp:22[m[K,
[1.559s]                  from [01m[K/opt/ros/foxy/include/rclcpp/rclcpp.hpp:146[m[K,
[1.559s]                  from [01m[K/home/jingyan/px4_ros_com_ros2/src/px4_ros_com/src/examples/offboard/Odom_transform_real.cpp:1[m[K:
[1.559s] [01m[K/opt/ros/foxy/include/rclcpp/node_impl.hpp:91:1:[m[K [01;36m[Knote: [m[Kcandidate: â€˜[01m[Ktemplate<class MessageT, class CallbackT, class AllocatorT, class CallbackMessageT, class SubscriptionT, class MessageMemoryStrategyT> std::shared_ptr<SubscriptionT> rclcpp::Node::create_subscription(const string&, const rclcpp::QoS&, CallbackT&&, const rclcpp::SubscriptionOptionsWithAllocator<AllocatorT>&, typename MessageMemoryStrategyT::SharedPtr)[m[Kâ€™
[1.559s]    91 | [01;36m[KNode[m[K::create_subscription(
[1.560s]       | [01;36m[K^~~~[m[K
[1.560s] [01m[K/opt/ros/foxy/include/rclcpp/node_impl.hpp:91:1:[m[K [01;36m[Knote: [m[K  template argument deduction/substitution failed:
[1.560s] [01m[K/home/jingyan/px4_ros_com_ros2/src/px4_ros_com/src/examples/offboard/Odom_transform_real.cpp:48:20:[m[K [01;31m[Kerror: [m[Ktemplate argument 1 is invalid
[1.560s]    48 |                   }[01;31m[K)[m[K;
[1.560s]       |                    [01;31m[K^[m[K
[2.743s] make[2]: *** [CMakeFiles/Odom_transform_real.dir/build.make:63: CMakeFiles/Odom_transform_real.dir/src/examples/offboard/Odom_transform_real.cpp.o] Error 1
[2.743s] make[1]: *** [CMakeFiles/Makefile2:341: CMakeFiles/Odom_transform_real.dir/all] Error 2
[2.743s] make: *** [Makefile:141: all] Error 2
[2.747s] Invoked command in '/home/jingyan/px4_ros_com_ros2/build/px4_ros_com' returned '2': AMENT_PREFIX_PATH=/home/jingyan/px4_ros_com_ros2/install/px4_msgs:${AMENT_PREFIX_PATH} CMAKE_PREFIX_PATH=/home/jingyan/px4_ros_com_ros2/install/px4_msgs:/opt/ros/foxy LD_LIBRARY_PATH=/home/jingyan/px4_ros_com_ros2/install/px4_msgs/lib:${LD_LIBRARY_PATH} PYTHONPATH=/home/jingyan/px4_ros_com_ros2/install/px4_msgs/lib/python3.8/site-packages:${PYTHONPATH} /usr/bin/cmake --build /home/jingyan/px4_ros_com_ros2/build/px4_ros_com -- -j16 -l16
