[35m[1mScanning dependencies of target offboard_control_vel[0m
[  2%] Built target frame_transforms
[  3%] Built target Odom_transform
[  5%] Built target offboard_control
[  7%] Built target debug_vect_advertiser
[  9%] Built target sensor_combined_listener
[ 11%] Built target vehicle_gps_position_listener
[ 12%] [32mBuilding CXX object CMakeFiles/offboard_control_vel.dir/src/examples/offboard/offboard_control_vel.cpp.o[0m
[ 99%] Built target micrortps_agent
[01m[K/home/jingyan/px4_ros_com_ros2/src/px4_ros_com/src/examples/offboard/offboard_control_vel.cpp:[m[K In lambda function:
[01m[K/home/jingyan/px4_ros_com_ros2/src/px4_ros_com/src/examples/offboard/offboard_control_vel.cpp:121:34:[m[K [01;31m[Kerror: [m[Kexpected â€˜[01m[K;[m[Kâ€™ before â€˜[01m[K}[m[Kâ€™ token
  121 |     VelocityDroneControl(0, 3, 0)
      |                                  [01;31m[K^[m[K
      |                                  [32m[K;[m[K
  122 |    [32m[K}[m[K
      |    [32m[K~[m[K                              
[01m[K/home/jingyan/px4_ros_com_ros2/src/px4_ros_com/src/examples/offboard/offboard_control_vel.cpp:[m[K At global scope:
[01m[K/home/jingyan/px4_ros_com_ros2/src/px4_ros_com/src/examples/offboard/offboard_control_vel.cpp:161:6:[m[K [01;31m[Kerror: [m[Kâ€˜[01m[KVelocityControlVectorAdvertiser[m[Kâ€™ has not been declared
  161 | void [01;31m[KVelocityControlVectorAdvertiser[m[K::VelocityDroneControl(float xv, float yv, float zv)
      |      [01;31m[K^~~~~~~~~~~~~~~~~~~~~~~~~~~~~~~[m[K
[01m[K/home/jingyan/px4_ros_com_ros2/src/px4_ros_com/src/examples/offboard/offboard_control_vel.cpp:[m[K In function â€˜[01m[Kvoid VelocityDroneControl(float, float, float)[m[Kâ€™:
[01m[K/home/jingyan/px4_ros_com_ros2/src/px4_ros_com/src/examples/offboard/offboard_control_vel.cpp:170:2:[m[K [01;31m[Kerror: [m[Kinvalid use of â€˜[01m[Kthis[m[Kâ€™ in non-member function
  170 |  [01;31m[Kthis[m[K->vel_publisher_->publish(vel_ctrl_vect);
      |  [01;31m[K^~~~[m[K
make[2]: *** [CMakeFiles/offboard_control_vel.dir/build.make:63: CMakeFiles/offboard_control_vel.dir/src/examples/offboard/offboard_control_vel.cpp.o] Error 1
make[1]: *** [CMakeFiles/Makefile2:254: CMakeFiles/offboard_control_vel.dir/all] Error 2
make: *** [Makefile:141: all] Error 2
