[35m[1mScanning dependencies of target Odom_transform_real[0m
[  2%] Built target sensor_combined_listener
[  4%] Built target offboard_control_vel
[  6%] Built target vehicle_gps_position_listener
[  8%] Built target offboard_control_absolute_version
[  9%] Built target frame_transforms
[ 12%] Built target offboard_simple
[ 12%] Built target Odom_transform
[ 14%] Built target debug_vect_advertiser
[ 16%] Built target offboard_control
[ 17%] [32mBuilding CXX object CMakeFiles/Odom_transform_real.dir/src/examples/offboard/Odom_transform_real.cpp.o[0m
[ 99%] Built target micrortps_agent
[01m[K/home/jingyan/px4_ros_com_ros2/src/px4_ros_com/src/examples/offboard/Odom_transform_real.cpp:68:41:[m[K [01;31m[Kerror: [m[Kâ€˜[01m[KPointCloud2[m[Kâ€™ is not a member of â€˜[01m[Ksensor_msgs::msg[m[Kâ€™
   68 |  rclcpp::Subscription<sensor_msgs::msg::[01;31m[KPointCloud2[m[K>::SharedPtr scan_subscription_;
      |                                         [01;31m[K^~~~~~~~~~~[m[K
[01m[K/home/jingyan/px4_ros_com_ros2/src/px4_ros_com/src/examples/offboard/Odom_transform_real.cpp:68:52:[m[K [01;31m[Kerror: [m[Ktemplate argument 1 is invalid
   68 |  rclcpp::Subscription<sensor_msgs::msg::PointCloud2[01;31m[K>[m[K::SharedPtr scan_subscription_;
      |                                                    [01;31m[K^[m[K
[01m[K/home/jingyan/px4_ros_com_ros2/src/px4_ros_com/src/examples/offboard/Odom_transform_real.cpp:68:52:[m[K [01;31m[Kerror: [m[Ktemplate argument 3 is invalid
[01m[K/home/jingyan/px4_ros_com_ros2/src/px4_ros_com/src/examples/offboard/Odom_transform_real.cpp:68:55:[m[K [01;31m[Kerror: [m[Kexpected â€˜[01m[K;[m[Kâ€™ at end of member declaration
   68 |  rclcpp::Subscription<sensor_msgs::msg::PointCloud2>::[01;31m[KSharedPtr[m[K scan_subscription_;
      |                                                       [01;31m[K^~~~~~~~~[m[K
      |                                                                [32m[K;[m[K
[01m[K/home/jingyan/px4_ros_com_ros2/src/px4_ros_com/src/examples/offboard/Odom_transform_real.cpp:68:65:[m[K [01;31m[Kerror: [m[Kâ€˜[01m[Kscan_subscription_[m[Kâ€™ does not name a type; did you mean â€˜[01m[Krcl_subscription_t[m[Kâ€™?
   68 |  rclcpp::Subscription<sensor_msgs::msg::PointCloud2>::SharedPtr [01;31m[Kscan_subscription_[m[K;
      |                                                                 [01;31m[K^~~~~~~~~~~~~~~~~~[m[K
      |                                                                 [32m[Krcl_subscription_t[m[K
[01m[K/home/jingyan/px4_ros_com_ros2/src/px4_ros_com/src/examples/offboard/Odom_transform_real.cpp:[m[K In constructor â€˜[01m[KPx4OdomTransform::Px4OdomTransform()[m[Kâ€™:
[01m[K/home/jingyan/px4_ros_com_ros2/src/px4_ros_com/src/examples/offboard/Odom_transform_real.cpp:42:3:[m[K [01;31m[Kerror: [m[Kâ€˜[01m[Kscan_subscription_[m[Kâ€™ was not declared in this scope; did you mean â€˜[01m[Krcl_subscription_t[m[Kâ€™?
   42 |   [01;31m[Kscan_subscription_[m[K =
      |   [01;31m[K^~~~~~~~~~~~~~~~~~[m[K
      |   [32m[Krcl_subscription_t[m[K
[01m[K/home/jingyan/px4_ros_com_ros2/src/px4_ros_com/src/examples/offboard/Odom_transform_real.cpp:43:48:[m[K [01;31m[Kerror: [m[Kâ€˜[01m[KPointCloud2[m[Kâ€™ is not a member of â€˜[01m[Ksensor_msgs::msg[m[Kâ€™
   43 |    this->create_subscription<sensor_msgs::msg::[01;31m[KPointCloud2[m[K>("/points2", 10,
      |                                                [01;31m[K^~~~~~~~~~~[m[K
[01m[K/home/jingyan/px4_ros_com_ros2/src/px4_ros_com/src/examples/offboard/Odom_transform_real.cpp:47:20:[m[K [01;31m[Kerror: [m[Kno matching function for call to â€˜[01m[KPx4OdomTransform::create_subscription<<expression error> >(const char [9], int, Px4OdomTransform::Px4OdomTransform()::<lambda(sensor_msgs::msg::LaserScan_<std::allocator<void> >::SharedPtr)>)[m[Kâ€™
   47 |                   }[01;31m[K)[m[K;
      |                    [01;31m[K^[m[K
In file included from [01m[K/opt/ros/foxy/include/rclcpp/node.hpp:1224[m[K,
                 from [01m[K/opt/ros/foxy/include/rclcpp/executors/single_threaded_executor.hpp:28[m[K,
                 from [01m[K/opt/ros/foxy/include/rclcpp/executors.hpp:22[m[K,
                 from [01m[K/opt/ros/foxy/include/rclcpp/rclcpp.hpp:146[m[K,
                 from [01m[K/home/jingyan/px4_ros_com_ros2/src/px4_ros_com/src/examples/offboard/Odom_transform_real.cpp:1[m[K:
[01m[K/opt/ros/foxy/include/rclcpp/node_impl.hpp:91:1:[m[K [01;36m[Knote: [m[Kcandidate: â€˜[01m[Ktemplate<class MessageT, class CallbackT, class AllocatorT, class CallbackMessageT, class SubscriptionT, class MessageMemoryStrategyT> std::shared_ptr<SubscriptionT> rclcpp::Node::create_subscription(const string&, const rclcpp::QoS&, CallbackT&&, const rclcpp::SubscriptionOptionsWithAllocator<AllocatorT>&, typename MessageMemoryStrategyT::SharedPtr)[m[Kâ€™
   91 | [01;36m[KNode[m[K::create_subscription(
      | [01;36m[K^~~~[m[K
[01m[K/opt/ros/foxy/include/rclcpp/node_impl.hpp:91:1:[m[K [01;36m[Knote: [m[K  template argument deduction/substitution failed:
[01m[K/home/jingyan/px4_ros_com_ros2/src/px4_ros_com/src/examples/offboard/Odom_transform_real.cpp:47:20:[m[K [01;31m[Kerror: [m[Ktemplate argument 1 is invalid
   47 |                   }[01;31m[K)[m[K;
      |                    [01;31m[K^[m[K
make[2]: *** [CMakeFiles/Odom_transform_real.dir/build.make:63: CMakeFiles/Odom_transform_real.dir/src/examples/offboard/Odom_transform_real.cpp.o] Error 1
make[1]: *** [CMakeFiles/Makefile2:341: CMakeFiles/Odom_transform_real.dir/all] Error 2
make: *** [Makefile:141: all] Error 2
