[  2%] Built target sensor_combined_listener
[  6%] Built target debug_vect_advertiser
[  6%] Built target offboard_control
[  7%] [32mBuilding CXX object CMakeFiles/offboard_control_vel.dir/src/examples/offboard/offboard_control_vel.cpp.o[0m
[  9%] Built target frame_transforms
[ 10%] Built target Odom_transform
[ 12%] Built target vehicle_gps_position_listener
[ 99%] Built target micrortps_agent
[01m[K/home/jingyan/px4_ros_com_ros2/src/px4_ros_com/src/examples/offboard/offboard_control_vel.cpp:[m[K In lambda function:
[01m[K/home/jingyan/px4_ros_com_ros2/src/px4_ros_com/src/examples/offboard/offboard_control_vel.cpp:115:8:[m[K [01;31m[Kerror: [m[Kâ€˜[01m[Koffboard_setpoint_counter[m[Kâ€™ was not declared in this scope; did you mean â€˜[01m[Koffboard_setpoint_counter_[m[Kâ€™?
  115 |    if ([01;31m[Koffboard_setpoint_counter[m[K > 25 && offboard_setpoint_counter_ < 40)
      |        [01;31m[K^~~~~~~~~~~~~~~~~~~~~~~~~[m[K
      |        [32m[Koffboard_setpoint_counter_[m[K
[01m[K/home/jingyan/px4_ros_com_ros2/src/px4_ros_com/src/examples/offboard/offboard_control_vel.cpp:[m[K At global scope:
[01m[K/home/jingyan/px4_ros_com_ros2/src/px4_ros_com/src/examples/offboard/offboard_control_vel.cpp:191:1:[m[K [01;31m[Kerror: [m[Kexpected declaration before â€˜[01m[K}[m[Kâ€™ token
  191 | [01;31m[K}[m[K
      | [01;31m[K^[m[K
make[2]: *** [CMakeFiles/offboard_control_vel.dir/build.make:63: CMakeFiles/offboard_control_vel.dir/src/examples/offboard/offboard_control_vel.cpp.o] Error 1
make[1]: *** [CMakeFiles/Makefile2:254: CMakeFiles/offboard_control_vel.dir/all] Error 2
make: *** [Makefile:141: all] Error 2
