[0.020s] Invoking command in '/home/jingyan/px4_ros_com_ros2/build/px4_ros_com': AMENT_PREFIX_PATH=/home/jingyan/px4_ros_com_ros2/install/px4_msgs:${AMENT_PREFIX_PATH} CMAKE_PREFIX_PATH=/home/jingyan/px4_ros_com_ros2/install/px4_msgs:/opt/ros/foxy LD_LIBRARY_PATH=/home/jingyan/px4_ros_com_ros2/install/px4_msgs/lib:${LD_LIBRARY_PATH} PYTHONPATH=/home/jingyan/px4_ros_com_ros2/install/px4_msgs/lib/python3.8/site-packages:${PYTHONPATH} /usr/bin/cmake --build /home/jingyan/px4_ros_com_ros2/build/px4_ros_com -- -j16 -l16
[0.094s] [  2%] Built target sensor_combined_listener
[0.096s] [  6%] Built target debug_vect_advertiser
[0.096s] [  6%] Built target offboard_control
[0.096s] [  7%] [32mBuilding CXX object CMakeFiles/offboard_control_vel.dir/src/examples/offboard/offboard_control_vel.cpp.o[0m
[0.097s] [  9%] Built target frame_transforms
[0.098s] [ 10%] Built target Odom_transform
[0.100s] [ 12%] Built target vehicle_gps_position_listener
[0.139s] [ 99%] Built target micrortps_agent
[1.270s] [01m[K/home/jingyan/px4_ros_com_ros2/src/px4_ros_com/src/examples/offboard/offboard_control_vel.cpp:[m[K In lambda function:
[1.270s] [01m[K/home/jingyan/px4_ros_com_ros2/src/px4_ros_com/src/examples/offboard/offboard_control_vel.cpp:115:8:[m[K [01;31m[Kerror: [m[Kâ€˜[01m[Koffboard_setpoint_counter[m[Kâ€™ was not declared in this scope; did you mean â€˜[01m[Koffboard_setpoint_counter_[m[Kâ€™?
[1.270s]   115 |    if ([01;31m[Koffboard_setpoint_counter[m[K > 25 && offboard_setpoint_counter_ < 40)
[1.270s]       |        [01;31m[K^~~~~~~~~~~~~~~~~~~~~~~~~[m[K
[1.270s]       |        [32m[Koffboard_setpoint_counter_[m[K
[1.286s] [01m[K/home/jingyan/px4_ros_com_ros2/src/px4_ros_com/src/examples/offboard/offboard_control_vel.cpp:[m[K At global scope:
[1.286s] [01m[K/home/jingyan/px4_ros_com_ros2/src/px4_ros_com/src/examples/offboard/offboard_control_vel.cpp:191:1:[m[K [01;31m[Kerror: [m[Kexpected declaration before â€˜[01m[K}[m[Kâ€™ token
[1.287s]   191 | [01;31m[K}[m[K
[1.287s]       | [01;31m[K^[m[K
[2.607s] make[2]: *** [CMakeFiles/offboard_control_vel.dir/build.make:63: CMakeFiles/offboard_control_vel.dir/src/examples/offboard/offboard_control_vel.cpp.o] Error 1
[2.607s] make[1]: *** [CMakeFiles/Makefile2:254: CMakeFiles/offboard_control_vel.dir/all] Error 2
[2.607s] make: *** [Makefile:141: all] Error 2
[2.611s] Invoked command in '/home/jingyan/px4_ros_com_ros2/build/px4_ros_com' returned '2': AMENT_PREFIX_PATH=/home/jingyan/px4_ros_com_ros2/install/px4_msgs:${AMENT_PREFIX_PATH} CMAKE_PREFIX_PATH=/home/jingyan/px4_ros_com_ros2/install/px4_msgs:/opt/ros/foxy LD_LIBRARY_PATH=/home/jingyan/px4_ros_com_ros2/install/px4_msgs/lib:${LD_LIBRARY_PATH} PYTHONPATH=/home/jingyan/px4_ros_com_ros2/install/px4_msgs/lib/python3.8/site-packages:${PYTHONPATH} /usr/bin/cmake --build /home/jingyan/px4_ros_com_ros2/build/px4_ros_com -- -j16 -l16
