[0.020s] Invoking command in '/home/jingyan/px4_ros_com_ros2/build/px4_ros_com': AMENT_PREFIX_PATH=/home/jingyan/px4_ros_com_ros2/install/px4_msgs:${AMENT_PREFIX_PATH} CMAKE_PREFIX_PATH=/home/jingyan/px4_ros_com_ros2/install/px4_msgs:/opt/ros/foxy LD_LIBRARY_PATH=/home/jingyan/px4_ros_com_ros2/install/px4_msgs/lib:${LD_LIBRARY_PATH} PYTHONPATH=/home/jingyan/px4_ros_com_ros2/install/px4_msgs/lib/python3.8/site-packages:${PYTHONPATH} /usr/bin/cmake --build /home/jingyan/px4_ros_com_ros2/build/px4_ros_com -- -j16 -l16
[0.073s] [35m[1mScanning dependencies of target Odom_transform[0m
[0.098s] [  2%] Built target vehicle_gps_position_listener
[0.100s] [  4%] Built target sensor_combined_listener
[0.100s] [  6%] Built target frame_transforms
[0.105s] [  8%] Built target debug_vect_advertiser
[0.107s] [  8%] [32mBuilding CXX object CMakeFiles/Odom_transform.dir/src/examples/offboard/Odom_transform.cpp.o[0m
[0.109s] [ 10%] Built target offboard_control
[0.148s] [ 99%] Built target micrortps_agent
[1.993s] [01m[K/home/jingyan/px4_ros_com_ros2/src/px4_ros_com/src/examples/offboard/Odom_transform.cpp:[m[K In member function â€˜[01m[Kvoid Px4OdomTransform::odom_convert(px4_msgs::msg::VehicleOdometry_<std::allocator<void> >::SharedPtr)[m[Kâ€™:
[1.993s] [01m[K/home/jingyan/px4_ros_com_ros2/src/px4_ros_com/src/examples/offboard/Odom_transform.cpp:138:25:[m[K [01;31m[Kerror: [m[Kinvalid use of member function â€˜[01m[Krclcpp::Clock::ConstSharedPtr rclcpp::Node::get_clock() const[m[Kâ€™ (did you forget the â€˜[01m[K()[m[Kâ€™ ?)
[1.993s]   138 |  t.header.stamp = [01;31m[Kthis->get_clock[m[K->now();
[1.993s]       |                   [01;31m[K~~~~~~^~~~~~~~~[m[K
[1.993s]       |                                  [32m[K()[m[K
[1.993s] [01m[K/home/jingyan/px4_ros_com_ros2/src/px4_ros_com/src/examples/offboard/Odom_transform.cpp:138:34:[m[K [01;31m[Kerror: [m[Kbase operand of â€˜[01m[K->[m[Kâ€™ is not a pointer
[1.994s]   138 |  t.header.stamp = this->get_clock[01;31m[K->[m[Know();
[1.994s]       |                                  [01;31m[K^~[m[K
[1.994s] [01m[K/home/jingyan/px4_ros_com_ros2/src/px4_ros_com/src/examples/offboard/Odom_transform.cpp:164:35:[m[K [01;31m[Kerror: [m[Kinvalid use of member function â€˜[01m[Krclcpp::Clock::ConstSharedPtr rclcpp::Node::get_clock() const[m[Kâ€™ (did you forget the â€˜[01m[K()[m[Kâ€™ ?)
[1.994s]   164 |  t_footprint.header.stamp = [01;31m[Kthis->get_clock[m[K->now();
[1.994s]       |                             [01;31m[K~~~~~~^~~~~~~~~[m[K
[1.995s]       |                                            [32m[K()[m[K
[1.995s] [01m[K/home/jingyan/px4_ros_com_ros2/src/px4_ros_com/src/examples/offboard/Odom_transform.cpp:164:44:[m[K [01;31m[Kerror: [m[Kbase operand of â€˜[01m[K->[m[Kâ€™ is not a pointer
[1.995s]   164 |  t_footprint.header.stamp = this->get_clock[01;31m[K->[m[Know();
[1.995s]       |                                            [01;31m[K^~[m[K
[1.995s] [01m[K/home/jingyan/px4_ros_com_ros2/src/px4_ros_com/src/examples/offboard/Odom_transform.cpp:179:34:[m[K [01;31m[Kerror: [m[Kinvalid use of member function â€˜[01m[Krclcpp::Clock::ConstSharedPtr rclcpp::Node::get_clock() const[m[Kâ€™ (did you forget the â€˜[01m[K()[m[Kâ€™ ?)
[1.995s]   179 |  t_baselink.header.stamp = [01;31m[Kthis->get_clock[m[K->now();
[1.996s]       |                            [01;31m[K~~~~~~^~~~~~~~~[m[K
[1.996s]       |                                           [32m[K()[m[K
[1.996s] [01m[K/home/jingyan/px4_ros_com_ros2/src/px4_ros_com/src/examples/offboard/Odom_transform.cpp:179:43:[m[K [01;31m[Kerror: [m[Kbase operand of â€˜[01m[K->[m[Kâ€™ is not a pointer
[1.996s]   179 |  t_baselink.header.stamp = this->get_clock[01;31m[K->[m[Know();
[1.996s]       |                                           [01;31m[K^~[m[K
[4.201s] make[2]: *** [CMakeFiles/Odom_transform.dir/build.make:63: CMakeFiles/Odom_transform.dir/src/examples/offboard/Odom_transform.cpp.o] Error 1
[4.201s] make[1]: *** [CMakeFiles/Makefile2:306: CMakeFiles/Odom_transform.dir/all] Error 2
[4.201s] make: *** [Makefile:141: all] Error 2
[4.205s] Invoked command in '/home/jingyan/px4_ros_com_ros2/build/px4_ros_com' returned '2': AMENT_PREFIX_PATH=/home/jingyan/px4_ros_com_ros2/install/px4_msgs:${AMENT_PREFIX_PATH} CMAKE_PREFIX_PATH=/home/jingyan/px4_ros_com_ros2/install/px4_msgs:/opt/ros/foxy LD_LIBRARY_PATH=/home/jingyan/px4_ros_com_ros2/install/px4_msgs/lib:${LD_LIBRARY_PATH} PYTHONPATH=/home/jingyan/px4_ros_com_ros2/install/px4_msgs/lib/python3.8/site-packages:${PYTHONPATH} /usr/bin/cmake --build /home/jingyan/px4_ros_com_ros2/build/px4_ros_com -- -j16 -l16
