openjdk version "13.0.7" 2021-04-20
OpenJDK Runtime Environment (build 13.0.7+5-Ubuntu-0ubuntu120.04)
OpenJDK 64-Bit Server VM (build 13.0.7+5-Ubuntu-0ubuntu120.04, mixed mode)
[01m[K/home/jingyan/px4_ros_com_ros2/src/px4_ros_com/src/examples/offboard/Odom_transform.cpp:42:39:[m[K [01;31m[Kerror: [m[Kâ€˜[01m[Kvehicle_odometry[m[Kâ€™ is not a member of â€˜[01m[Kpx4_msgs::msg[m[Kâ€™; did you mean â€˜[01m[KVehicleOdometry[m[Kâ€™?
   42 |   rclcpp::Subscription<px4_msgs::msg::[01;31m[Kvehicle_odometry[m[K>::SharedPtr subscription_;
      |                                       [01;31m[K^~~~~~~~~~~~~~~~[m[K
      |                                       [32m[KVehicleOdometry[m[K
[01m[K/home/jingyan/px4_ros_com_ros2/src/px4_ros_com/src/examples/offboard/Odom_transform.cpp:42:55:[m[K [01;31m[Kerror: [m[Ktemplate argument 1 is invalid
   42 |   rclcpp::Subscription<px4_msgs::msg::vehicle_odometry[01;31m[K>[m[K::SharedPtr subscription_;
      |                                                       [01;31m[K^[m[K
[01m[K/home/jingyan/px4_ros_com_ros2/src/px4_ros_com/src/examples/offboard/Odom_transform.cpp:42:55:[m[K [01;31m[Kerror: [m[Ktemplate argument 3 is invalid
[01m[K/home/jingyan/px4_ros_com_ros2/src/px4_ros_com/src/examples/offboard/Odom_transform.cpp:42:58:[m[K [01;31m[Kerror: [m[Kexpected â€˜[01m[K;[m[Kâ€™ at end of member declaration
   42 |   rclcpp::Subscription<px4_msgs::msg::vehicle_odometry>::[01;31m[KSharedPtr[m[K subscription_;
      |                                                          [01;31m[K^~~~~~~~~[m[K
      |                                                                   [32m[K;[m[K
[01m[K/home/jingyan/px4_ros_com_ros2/src/px4_ros_com/src/examples/offboard/Odom_transform.cpp:42:68:[m[K [01;31m[Kerror: [m[Kâ€˜[01m[Ksubscription_[m[Kâ€™ does not name a type; did you mean â€˜[01m[Krcl_subscription_t[m[Kâ€™?
   42 |   rclcpp::Subscription<px4_msgs::msg::vehicle_odometry>::SharedPtr [01;31m[Ksubscription_[m[K;
      |                                                                    [01;31m[K^~~~~~~~~~~~~[m[K
      |                                                                    [32m[Krcl_subscription_t[m[K
[01m[K/home/jingyan/px4_ros_com_ros2/src/px4_ros_com/src/examples/offboard/Odom_transform.cpp:46:42:[m[K [01;31m[Kerror: [m[Kâ€˜[01m[Kvehicle_odometry[m[Kâ€™ in namespace â€˜[01m[Kpx4_msgs::msg[m[Kâ€™ does not name a type; did you mean â€˜[01m[KVehicleOdometry[m[Kâ€™?
   46 |   void odom_convert(const px4_msgs::msg::[01;31m[Kvehicle_odometry[m[K::SharedPtr _msg);
      |                                          [01;31m[K^~~~~~~~~~~~~~~~[m[K
      |                                          [32m[KVehicleOdometry[m[K
[01m[K/home/jingyan/px4_ros_com_ros2/src/px4_ros_com/src/examples/offboard/Odom_transform.cpp:46:70:[m[K [01;31m[Kerror: [m[Kexpected unqualified-id before â€˜[01m[K_msg[m[Kâ€™
   46 |   void odom_convert(const px4_msgs::msg::vehicle_odometry::SharedPtr [01;31m[K_msg[m[K);
      |                                                                      [01;31m[K^~~~[m[K
[01m[K/home/jingyan/px4_ros_com_ros2/src/px4_ros_com/src/examples/offboard/Odom_transform.cpp:46:69:[m[K [01;31m[Kerror: [m[Kexpected â€˜[01m[K)[m[Kâ€™ before â€˜[01m[K_msg[m[Kâ€™
   46 |   void odom_convert[34m[K([m[Kconst px4_msgs::msg::vehicle_odometry::SharedPtr[01;31m[K [m[K[32m[K_msg[m[K);
      |                    [34m[K~[m[K                                                [01;31m[K^[m[K[32m[K~~~~[m[K
      |                                                                     [32m[K)[m[K
[01m[K/home/jingyan/px4_ros_com_ros2/src/px4_ros_com/src/examples/offboard/Odom_transform.cpp:46:60:[m[K [01;31m[Kerror: [m[Kexpected â€˜[01m[K;[m[Kâ€™ at end of member declaration
   46 |   void odom_convert(const px4_msgs::msg::vehicle_odometry::[01;31m[KSharedPtr[m[K _msg);
      |                                                            [01;31m[K^~~~~~~~~[m[K
      |                                                                     [32m[K;[m[K
[01m[K/home/jingyan/px4_ros_com_ros2/src/px4_ros_com/src/examples/offboard/Odom_transform.cpp:46:70:[m[K [01;31m[Kerror: [m[Kâ€˜[01m[K_msg[m[Kâ€™ does not name a type
   46 |   void odom_convert(const px4_msgs::msg::vehicle_odometry::SharedPtr [01;31m[K_msg[m[K);
      |                                                                      [01;31m[K^~~~[m[K
[01m[K/home/jingyan/px4_ros_com_ros2/src/px4_ros_com/src/examples/offboard/Odom_transform.cpp:[m[K In constructor â€˜[01m[KPx4OdomTransform::Px4OdomTransform()[m[Kâ€™:
[01m[K/home/jingyan/px4_ros_com_ros2/src/px4_ros_com/src/examples/offboard/Odom_transform.cpp:29:4:[m[K [01;31m[Kerror: [m[Kâ€˜[01m[Ksubscription_[m[Kâ€™ was not declared in this scope; did you mean â€˜[01m[Krcl_subscription_t[m[Kâ€™?
   29 |    [01;31m[Ksubscription_[m[K = this->create_subscription<px4_msgs::msg::vehicle_odometry>(
      |    [01;31m[K^~~~~~~~~~~~~[m[K
      |    [32m[Krcl_subscription_t[m[K
[01m[K/home/jingyan/px4_ros_com_ros2/src/px4_ros_com/src/examples/offboard/Odom_transform.cpp:29:61:[m[K [01;31m[Kerror: [m[Kâ€˜[01m[Kvehicle_odometry[m[Kâ€™ is not a member of â€˜[01m[Kpx4_msgs::msg[m[Kâ€™; did you mean â€˜[01m[KVehicleOdometry[m[Kâ€™?
   29 |    subscription_ = this->create_subscription<px4_msgs::msg::[01;31m[Kvehicle_odometry[m[K>(
      |                                                             [01;31m[K^~~~~~~~~~~~~~~~[m[K
      |                                                             [32m[KVehicleOdometry[m[K
[01m[K/home/jingyan/px4_ros_com_ros2/src/px4_ros_com/src/examples/offboard/Odom_transform.cpp:31:75:[m[K [01;31m[Kerror: [m[Kno matching function for call to â€˜[01m[KPx4OdomTransform::create_subscription<<expression error> >(const char [26], int, std::_Bind_helper<false, void (Px4OdomTransform::*)(...), Px4OdomTransform*, const std::_Placeholder<1>&>::type)[m[Kâ€™
   31 |    std::bind(&Px4OdomTransform::odom_convert, this, std::placeholders::_1)[01;31m[K)[m[K;
      |                                                                           [01;31m[K^[m[K
In file included from [01m[K/opt/ros/foxy/include/rclcpp/executors/single_threaded_executor.hpp:28[m[K,
                 from [01m[K/opt/ros/foxy/include/rclcpp/executors.hpp:22[m[K,
                 from [01m[K/opt/ros/foxy/include/rclcpp/rclcpp.hpp:146[m[K,
                 from [01m[K/home/jingyan/px4_ros_com_ros2/src/px4_ros_com/src/examples/offboard/Odom_transform.cpp:1[m[K:
[01m[K/opt/ros/foxy/include/rclcpp/node.hpp:213:3:[m[K [01;36m[Knote: [m[Kcandidate: â€˜[01m[Ktemplate<class MessageT, class CallbackT, class AllocatorT, class CallbackMessageT, class SubscriptionT, class MessageMemoryStrategyT> std::shared_ptr<SubscriptionT> rclcpp::Node::create_subscription(const string&, const rclcpp::QoS&, CallbackT&&, const rclcpp::SubscriptionOptionsWithAllocator<AllocatorT>&, typename MessageMemoryStrategyT::SharedPtr)[m[Kâ€™
  213 |   [01;36m[Kcreate_subscription[m[K(
      |   [01;36m[K^~~~~~~~~~~~~~~~~~~[m[K
[01m[K/opt/ros/foxy/include/rclcpp/node.hpp:213:3:[m[K [01;36m[Knote: [m[K  template argument deduction/substitution failed:
[01m[K/home/jingyan/px4_ros_com_ros2/src/px4_ros_com/src/examples/offboard/Odom_transform.cpp:31:75:[m[K [01;31m[Kerror: [m[Ktemplate argument 1 is invalid
   31 |    std::bind(&Px4OdomTransform::odom_convert, this, std::placeholders::_1)[01;31m[K)[m[K;
      |                                                                           [01;31m[K^[m[K
[01m[K/home/jingyan/px4_ros_com_ros2/src/px4_ros_com/src/examples/offboard/Odom_transform.cpp:[m[K At global scope:
[01m[K/home/jingyan/px4_ros_com_ros2/src/px4_ros_com/src/examples/offboard/Odom_transform.cpp:52:58:[m[K [01;31m[Kerror: [m[Kâ€˜[01m[Kvehicle_odometry[m[Kâ€™ in namespace â€˜[01m[Kpx4_msgs::msg[m[Kâ€™ does not name a type; did you mean â€˜[01m[KVehicleOdometry[m[Kâ€™?
   52 | void Px4OdomTransform::odom_convert(const px4_msgs::msg::[01;31m[Kvehicle_odometry[m[K::SharedPtr _msg){
      |                                                          [01;31m[K^~~~~~~~~~~~~~~~[m[K
      |                                                          [32m[KVehicleOdometry[m[K
[01m[K/home/jingyan/px4_ros_com_ros2/src/px4_ros_com/src/examples/offboard/Odom_transform.cpp:52:86:[m[K [01;31m[Kerror: [m[Kexpected unqualified-id before â€˜[01m[K_msg[m[Kâ€™
   52 | void Px4OdomTransform::odom_convert(const px4_msgs::msg::vehicle_odometry::SharedPtr [01;31m[K_msg[m[K){
      |                                                                                      [01;31m[K^~~~[m[K
[01m[K/home/jingyan/px4_ros_com_ros2/src/px4_ros_com/src/examples/offboard/Odom_transform.cpp:52:85:[m[K [01;31m[Kerror: [m[Kexpected â€˜[01m[K)[m[Kâ€™ before â€˜[01m[K_msg[m[Kâ€™
   52 | void Px4OdomTransform::odom_convert[34m[K([m[Kconst px4_msgs::msg::vehicle_odometry::SharedPtr[01;31m[K [m[K[32m[K_msg[m[K){
      |                                    [34m[K~[m[K                                                [01;31m[K^[m[K[32m[K~~~~[m[K
      |                                                                                     [32m[K)[m[K
[01m[K/home/jingyan/px4_ros_com_ros2/src/px4_ros_com/src/examples/offboard/Odom_transform.cpp:52:86:[m[K [01;31m[Kerror: [m[Kexpected initializer before â€˜[01m[K_msg[m[Kâ€™
   52 | void Px4OdomTransform::odom_convert(const px4_msgs::msg::vehicle_odometry::SharedPtr [01;31m[K_msg[m[K){
      |                                                                                      [01;31m[K^~~~[m[K
make[2]: *** [CMakeFiles/Odom_transform.dir/build.make:63: CMakeFiles/Odom_transform.dir/src/examples/offboard/Odom_transform.cpp.o] Error 1
make[1]: *** [CMakeFiles/Makefile2:306: CMakeFiles/Odom_transform.dir/all] Error 2
make[1]: *** Waiting for unfinished jobs....
make: *** [Makefile:141: all] Error 2
