[35m[1mScanning dependencies of target offboard_control[0m
[  2%] Built target frame_transforms
[  4%] Built target sensor_combined_listener
[  6%] Built target debug_vect_advertiser
[  8%] Built target offboard_control_vel
[ 10%] Built target vehicle_gps_position_listener
[ 11%] Built target Odom_transform
[ 12%] [32mBuilding CXX object CMakeFiles/offboard_control.dir/src/examples/offboard/offboard_control.cpp.o[0m
[ 99%] Built target micrortps_agent
[01m[K/home/jingyan/px4_ros_com_ros2/src/px4_ros_com/src/examples/offboard/offboard_control.cpp:[m[K In member function â€˜[01m[Kvoid OffboardControl::odom_convert(px4_msgs::msg::VehicleOdometry_<std::allocator<void> >::SharedPtr)[m[Kâ€™:
[01m[K/home/jingyan/px4_ros_com_ros2/src/px4_ros_com/src/examples/offboard/offboard_control.cpp:224:7:[m[K [01;31m[Kerror: [m[Kâ€˜[01m[KMatrix3x3[m[Kâ€™ is not a member of â€˜[01m[Ktf2[m[Kâ€™
  224 |  tf2::[01;31m[KMatrix3x3[m[K m(q_final);
      |       [01;31m[K^~~~~~~~~[m[K
[01m[K/home/jingyan/px4_ros_com_ros2/src/px4_ros_com/src/examples/offboard/offboard_control.cpp:226:2:[m[K [01;31m[Kerror: [m[Kâ€˜[01m[Km[m[Kâ€™ was not declared in this scope; did you mean â€˜[01m[Ktm[m[Kâ€™?
  226 |  [01;31m[Km[m[K.getRPY(roll, pitch, yaw);
      |  [01;31m[K^[m[K
      |  [32m[Ktm[m[K
make[2]: *** [CMakeFiles/offboard_control.dir/build.make:63: CMakeFiles/offboard_control.dir/src/examples/offboard/offboard_control.cpp.o] Error 1
make[1]: *** [CMakeFiles/Makefile2:119: CMakeFiles/offboard_control.dir/all] Error 2
make: *** [Makefile:141: all] Error 2
